* PAULOS-PC -> S3D\paulo.santos (03/07/2025 14:16:04) ***********************
03/07/2025 14:16:04 - Timer iniciado - Próx. verif.: 03/07/2025 18:16:04
Erro ao listar ficheiros no FTP: The remote server returned an error: (530) Not logged in.
03/07/2025 14:16:04 - Verificando/Descarregando os códigos...

03/07/2025 14:16:04 - Não existem ficheiros que correspondam aos critérios.
03/07/2025 14:16:04 - GetNewCodes
Próxima verificação: 03/07/2025 18:16:04

* PAULOS-PC -> S3D\paulo.santos (03/07/2025 14:16:04) ***********************
03/07/2025 14:16:04 - Timer iniciado - Próx. verif.: 03/07/2025 18:16:04
Erro ao listar ficheiros no FTP: The remote server returned an error: (530) Not logged in.
03/07/2025 14:16:04 - Verificando/Descarregando os códigos...

03/07/2025 14:16:04 - Não existem ficheiros que correspondam aos critérios.
03/07/2025 14:16:04 - GetNewCodes
Próxima verificação: 03/07/2025 18:16:04

* PAULOS-PC -> S3D\paulo.santos (03/07/2025 14:16:16) ***********************
03/07/2025 14:16:07 - Timer parado.
03/07/2025 14:16:16 - Timer iniciado - Próx. verif.: 03/07/2025 18:16:16
Erro ao listar ficheiros no FTP: The remote server returned an error: (530) Not logged in.
03/07/2025 14:16:16 - Verificando/Descarregando os códigos...

03/07/2025 14:16:16 - Não existem ficheiros que correspondam aos critérios.
03/07/2025 14:16:16 - GetNewCodes
Próxima verificação: 03/07/2025 18:16:16

* PAULOS-PC -> S3D\paulo.santos (03/07/2025 14:16:16) ***********************
03/07/2025 14:16:16 - Timer iniciado - Próx. verif.: 03/07/2025 18:16:16
Erro ao listar ficheiros no FTP: The remote server returned an error: (530) Not logged in.
03/07/2025 14:16:16 - Verificando/Descarregando os códigos...

03/07/2025 14:16:16 - Não existem ficheiros que correspondam aos critérios.
03/07/2025 14:16:16 - GetNewCodes
Próxima verificação: 03/07/2025 18:16:16

* PAULOS-PC -> S3D\paulo.santos (03/07/2025 14:16:20) ***********************
03/07/2025 14:16:18 - Timer parado.
03/07/2025 14:16:20 - Timer iniciado - Próx. verif.: 03/07/2025 18:16:20
Erro ao listar ficheiros no FTP: The remote server returned an error: (530) Not logged in.
03/07/2025 14:16:20 - Verificando/Descarregando os códigos...

03/07/2025 14:16:20 - Não existem ficheiros que correspondam aos critérios.
03/07/2025 14:16:20 - GetNewCodes
Próxima verificação: 03/07/2025 18:16:20

* PAULOS-PC -> S3D\paulo.santos (03/07/2025 14:16:30) ***********************
03/07/2025 14:16:20 - Timer iniciado - Próx. verif.: 03/07/2025 18:16:20
Erro ao listar ficheiros no FTP: The remote server returned an error: (530) Not logged in.
03/07/2025 14:16:30 - Verificando/Descarregando os códigos...

03/07/2025 14:16:30 - Não existem ficheiros que correspondam aos critérios.
03/07/2025 14:16:30 - GetNewCodes
Próxima verificação: 03/07/2025 18:16:30

* PAULOS-PC -> S3D\paulo.santos (03/07/2025 14:16:41) ***********************
03/07/2025 14:16:31 - Timer parado.
03/07/2025 14:16:32 - Timer parado.
03/07/2025 14:16:33 - Timer parado.
03/07/2025 14:16:34 - Timer parado.
03/07/2025 14:16:34 - Timer parado.
03/07/2025 14:16:35 - Timer parado.

* PAULOS-PC -> S3D\paulo.santos (03/07/2025 14:22:14) ***********************
