* PAULOS-PC -> S3D\paulo.santos (03/07/2025 16:42:06) ***********************
03/07/2025 16:42:06 - Timer iniciado - Próx. verif.: 03/07/2025 20:42:06
Erro ao listar ficheiros no FTP: The remote server returned an error: (530) Not logged in.
03/07/2025 16:42:06 - Verificando/Descarregando os códigos...

03/07/2025 16:42:06 - Não existem ficheiros que correspondam aos critérios.
03/07/2025 16:42:06 - GetNewCodes
Próxima verificação: 03/07/2025 20:42:06

* PAULOS-PC -> S3D\paulo.santos (03/07/2025 16:42:06) ***********************
03/07/2025 16:42:06 - Timer iniciado - Próx. verif.: 03/07/2025 20:42:06
Erro ao listar ficheiros no FTP: The remote server returned an error: (530) Not logged in.
03/07/2025 16:42:06 - Verificando/Descarregando os códigos...

03/07/2025 16:42:06 - Não existem ficheiros que correspondam aos critérios.
03/07/2025 16:42:06 - GetNewCodes
Próxima verificação: 03/07/2025 20:42:06

* PAULOS-PC -> S3D\paulo.santos (03/07/2025 16:42:15) ***********************
03/07/2025 16:42:08 - Timer parado.

* PAULOS-PC -> S3D\paulo.santos (03/07/2025 16:43:04) ***********************
03/07/2025 16:43:04 - Timer iniciado - Próx. verif.: 03/07/2025 20:43:04
Erro ao listar ficheiros no FTP: The remote server returned an error: (530) Not logged in.
03/07/2025 16:43:04 - Verificando/Descarregando os códigos...

03/07/2025 16:43:04 - Não existem ficheiros que correspondam aos critérios.
03/07/2025 16:43:04 - GetNewCodes
Próxima verificação: 03/07/2025 20:43:04

* PAULOS-PC -> S3D\paulo.santos (03/07/2025 16:43:04) ***********************
03/07/2025 16:43:04 - Timer iniciado - Próx. verif.: 03/07/2025 20:43:04
Erro ao listar ficheiros no FTP: The remote server returned an error: (530) Not logged in.
03/07/2025 16:43:04 - Verificando/Descarregando os códigos...

03/07/2025 16:43:04 - Não existem ficheiros que correspondam aos critérios.
03/07/2025 16:43:04 - GetNewCodes
Próxima verificação: 03/07/2025 20:43:04

* PAULOS-PC -> S3D\paulo.santos (03/07/2025 16:43:47) ***********************
